<?xml version="1.0" encoding="UTF-8"?>
<testsuite xmlns:xsi="http://www.w3.org/2001/XMLSchema-instance" xsi:noNamespaceSchemaLocation="https://maven.apache.org/surefire/maven-surefire-plugin/xsd/surefire-test-report-3.0.xsd" version="3.0" name="com.figma.export.ImageProcessingServiceTest" time="0.017" tests="1" errors="0" skipped="0" failures="0">
  <properties>
[...]
</properties>
  <testcase name="convertToCmyk_keepsDimensions" classname="com.figma.export.ImageProcessingServiceTest" time="0.017">
    <system-out><![CDATA[2025-11-10T01:43:43.272+07:00  INFO 35152 --- [figma-export-server] [           main] c.f.export.color.ColorProfileManager     : ICC-профиль 'coated_fogra39' загружен из 'profiles/CoatedFOGRA39.icc'.
2025-11-10T01:43:43.277+07:00  INFO 35152 --- [figma-export-server] [           main] c.f.export.color.ColorProfileManager     : ICC-профиль 'iso_coated_v2' загружен из 'profiles/ISOcoated_v2_eci.icc'.
2025-11-10T01:43:43.280+07:00  INFO 35152 --- [figma-export-server] [           main] c.f.export.color.ColorProfileManager     : ICC-профиль 'us_web_coated_swop' загружен из 'profiles/USWebCoatedSWOP.icc'.
]]></system-out>
  </testcase>
</testsuite>